2023-03-30 15:53:11 [asyncio] DEBUG: Using selector: SelectSelector
2023-03-30 15:53:11 [scrapy.utils.log] DEBUG: Using reactor: twisted.internet.asyncioreactor.AsyncioSelectorReactor
2023-03-30 15:53:11 [scrapy.utils.log] DEBUG: Using asyncio event loop: asyncio.windows_events._WindowsSelectorEventLoop
2023-03-30 15:53:12 [scrapy.middleware] INFO: Enabled extensions:
['scrapy.extensions.corestats.CoreStats', 'scrapy.extensions.logstats.LogStats']
2023-03-30 15:53:12 [scrapy.middleware] INFO: Enabled downloader middlewares:
['scrapy.downloadermiddlewares.httpauth.HttpAuthMiddleware',
 'scrapy.downloadermiddlewares.downloadtimeout.DownloadTimeoutMiddleware',
 'scrapy.downloadermiddlewares.defaultheaders.DefaultHeadersMiddleware',
 'scrapy.downloadermiddlewares.useragent.UserAgentMiddleware',
 'scrapy.downloadermiddlewares.retry.RetryMiddleware',
 'scrapy.downloadermiddlewares.redirect.MetaRefreshMiddleware',
 'scrapy.downloadermiddlewares.httpcompression.HttpCompressionMiddleware',
 'scrapy.downloadermiddlewares.redirect.RedirectMiddleware',
 'scrapy.downloadermiddlewares.cookies.CookiesMiddleware',
 'scrapy.downloadermiddlewares.httpproxy.HttpProxyMiddleware',
 'scrapy.downloadermiddlewares.stats.DownloaderStats',
 'scrapy.downloadermiddlewares.httpcache.HttpCacheMiddleware']
2023-03-30 15:53:12 [scrapy.middleware] INFO: Enabled spider middlewares:
['scrapy.spidermiddlewares.httperror.HttpErrorMiddleware',
 'scrapy.spidermiddlewares.offsite.OffsiteMiddleware',
 'scrapy.spidermiddlewares.referer.RefererMiddleware',
 'scrapy.spidermiddlewares.urllength.UrlLengthMiddleware',
 'scrapy.spidermiddlewares.depth.DepthMiddleware']
2023-03-30 15:53:12 [scrapy.middleware] INFO: Enabled item pipelines:
['scrapy.pipelines.files.FilesPipeline']
2023-03-30 15:53:12 [scrapy.core.engine] INFO: Spider opened
2023-03-30 15:53:12 [scrapy.extensions.logstats] INFO: Crawled 0 pages (at 0 pages/min), scraped 0 items (at 0 items/min)
2023-03-30 15:53:12 [scrapy.extensions.httpcache] DEBUG: Using filesystem cache storage in C:\coursework\pars\.scrapy\httpcache
2023-03-30 15:53:12 [scrapy.core.engine] DEBUG: Crawled (404) <GET https://pubs.rsc.org/en/content/articlelanding> (referer: None) ['cached']
2023-03-30 15:53:12 [scrapy.spidermiddlewares.httperror] INFO: Ignoring response <404 https://pubs.rsc.org/en/content/articlelanding>: HTTP status code is not handled or not allowed
2023-03-30 15:53:12 [scrapy.core.engine] INFO: Closing spider (finished)
2023-03-30 15:53:12 [scrapy.statscollectors] INFO: Dumping Scrapy stats:
{'downloader/request_bytes': 304,
 'downloader/request_count': 1,
 'downloader/request_method_count/GET': 1,
 'downloader/response_bytes': 6089,
 'downloader/response_count': 1,
 'downloader/response_status_count/404': 1,
 'elapsed_time_seconds': 0.131894,
 'finish_reason': 'finished',
 'finish_time': datetime.datetime(2023, 3, 30, 12, 53, 12, 563323),
 'httpcache/hit': 1,
 'httpcompression/response_bytes': 28972,
 'httpcompression/response_count': 1,
 'httperror/response_ignored_count': 1,
 'httperror/response_ignored_status_count/404': 1,
 'log_count/DEBUG': 5,
 'log_count/INFO': 9,
 'response_received_count': 1,
 'scheduler/dequeued': 1,
 'scheduler/dequeued/memory': 1,
 'scheduler/enqueued': 1,
 'scheduler/enqueued/memory': 1,
 'start_time': datetime.datetime(2023, 3, 30, 12, 53, 12, 431429)}
2023-03-30 15:53:12 [scrapy.core.engine] INFO: Spider closed (finished)
2023-03-30 15:54:22 [asyncio] DEBUG: Using selector: SelectSelector
2023-03-30 15:54:22 [scrapy.utils.log] DEBUG: Using reactor: twisted.internet.asyncioreactor.AsyncioSelectorReactor
2023-03-30 15:54:22 [scrapy.utils.log] DEBUG: Using asyncio event loop: asyncio.windows_events._WindowsSelectorEventLoop
2023-03-30 15:54:22 [scrapy.middleware] INFO: Enabled extensions:
['scrapy.extensions.corestats.CoreStats', 'scrapy.extensions.logstats.LogStats']
2023-03-30 15:54:22 [scrapy.middleware] INFO: Enabled downloader middlewares:
['scrapy.downloadermiddlewares.httpauth.HttpAuthMiddleware',
 'scrapy.downloadermiddlewares.downloadtimeout.DownloadTimeoutMiddleware',
 'scrapy.downloadermiddlewares.defaultheaders.DefaultHeadersMiddleware',
 'scrapy.downloadermiddlewares.useragent.UserAgentMiddleware',
 'scrapy.downloadermiddlewares.retry.RetryMiddleware',
 'scrapy.downloadermiddlewares.redirect.MetaRefreshMiddleware',
 'scrapy.downloadermiddlewares.httpcompression.HttpCompressionMiddleware',
 'scrapy.downloadermiddlewares.redirect.RedirectMiddleware',
 'scrapy.downloadermiddlewares.cookies.CookiesMiddleware',
 'scrapy.downloadermiddlewares.httpproxy.HttpProxyMiddleware',
 'scrapy.downloadermiddlewares.stats.DownloaderStats',
 'scrapy.downloadermiddlewares.httpcache.HttpCacheMiddleware']
2023-03-30 15:54:22 [scrapy.middleware] INFO: Enabled spider middlewares:
['scrapy.spidermiddlewares.httperror.HttpErrorMiddleware',
 'scrapy.spidermiddlewares.offsite.OffsiteMiddleware',
 'scrapy.spidermiddlewares.referer.RefererMiddleware',
 'scrapy.spidermiddlewares.urllength.UrlLengthMiddleware',
 'scrapy.spidermiddlewares.depth.DepthMiddleware']
2023-03-30 15:54:22 [scrapy.middleware] INFO: Enabled item pipelines:
['scrapy.pipelines.files.FilesPipeline']
2023-03-30 15:54:22 [scrapy.core.engine] INFO: Spider opened
2023-03-30 15:54:22 [scrapy.extensions.logstats] INFO: Crawled 0 pages (at 0 pages/min), scraped 0 items (at 0 items/min)
2023-03-30 15:54:22 [scrapy.extensions.httpcache] DEBUG: Using filesystem cache storage in C:\coursework\pars\.scrapy\httpcache
2023-03-30 15:54:22 [scrapy.core.engine] DEBUG: Crawled (404) <GET https://pubs.rsc.org/en/content/articlelanding> (referer: None) ['cached']
2023-03-30 15:54:22 [scrapy.spidermiddlewares.httperror] INFO: Ignoring response <404 https://pubs.rsc.org/en/content/articlelanding>: HTTP status code is not handled or not allowed
2023-03-30 15:54:22 [scrapy.core.engine] INFO: Closing spider (finished)
2023-03-30 15:54:22 [scrapy.statscollectors] INFO: Dumping Scrapy stats:
{'downloader/request_bytes': 304,
 'downloader/request_count': 1,
 'downloader/request_method_count/GET': 1,
 'downloader/response_bytes': 6089,
 'downloader/response_count': 1,
 'downloader/response_status_count/404': 1,
 'elapsed_time_seconds': 0.114749,
 'finish_reason': 'finished',
 'finish_time': datetime.datetime(2023, 3, 30, 12, 54, 22, 572330),
 'httpcache/hit': 1,
 'httpcompression/response_bytes': 28972,
 'httpcompression/response_count': 1,
 'httperror/response_ignored_count': 1,
 'httperror/response_ignored_status_count/404': 1,
 'log_count/DEBUG': 5,
 'log_count/INFO': 9,
 'response_received_count': 1,
 'scheduler/dequeued': 1,
 'scheduler/dequeued/memory': 1,
 'scheduler/enqueued': 1,
 'scheduler/enqueued/memory': 1,
 'start_time': datetime.datetime(2023, 3, 30, 12, 54, 22, 457581)}
2023-03-30 15:54:22 [scrapy.core.engine] INFO: Spider closed (finished)
2023-03-30 15:54:44 [asyncio] DEBUG: Using selector: SelectSelector
2023-03-30 15:54:44 [scrapy.utils.log] DEBUG: Using reactor: twisted.internet.asyncioreactor.AsyncioSelectorReactor
2023-03-30 15:54:44 [scrapy.utils.log] DEBUG: Using asyncio event loop: asyncio.windows_events._WindowsSelectorEventLoop
2023-03-30 15:54:44 [scrapy.middleware] INFO: Enabled extensions:
['scrapy.extensions.corestats.CoreStats', 'scrapy.extensions.logstats.LogStats']
2023-03-30 15:54:44 [scrapy.middleware] INFO: Enabled downloader middlewares:
['scrapy.downloadermiddlewares.httpauth.HttpAuthMiddleware',
 'scrapy.downloadermiddlewares.downloadtimeout.DownloadTimeoutMiddleware',
 'scrapy.downloadermiddlewares.defaultheaders.DefaultHeadersMiddleware',
 'scrapy.downloadermiddlewares.useragent.UserAgentMiddleware',
 'scrapy.downloadermiddlewares.retry.RetryMiddleware',
 'scrapy.downloadermiddlewares.redirect.MetaRefreshMiddleware',
 'scrapy.downloadermiddlewares.httpcompression.HttpCompressionMiddleware',
 'scrapy.downloadermiddlewares.redirect.RedirectMiddleware',
 'scrapy.downloadermiddlewares.cookies.CookiesMiddleware',
 'scrapy.downloadermiddlewares.httpproxy.HttpProxyMiddleware',
 'scrapy.downloadermiddlewares.stats.DownloaderStats',
 'scrapy.downloadermiddlewares.httpcache.HttpCacheMiddleware']
2023-03-30 15:54:44 [scrapy.middleware] INFO: Enabled spider middlewares:
['scrapy.spidermiddlewares.httperror.HttpErrorMiddleware',
 'scrapy.spidermiddlewares.offsite.OffsiteMiddleware',
 'scrapy.spidermiddlewares.referer.RefererMiddleware',
 'scrapy.spidermiddlewares.urllength.UrlLengthMiddleware',
 'scrapy.spidermiddlewares.depth.DepthMiddleware']
2023-03-30 15:54:44 [scrapy.middleware] INFO: Enabled item pipelines:
['scrapy.pipelines.files.FilesPipeline']
2023-03-30 15:54:44 [scrapy.core.engine] INFO: Spider opened
2023-03-30 15:54:44 [scrapy.extensions.logstats] INFO: Crawled 0 pages (at 0 pages/min), scraped 0 items (at 0 items/min)
2023-03-30 15:54:44 [scrapy.extensions.httpcache] DEBUG: Using filesystem cache storage in C:\coursework\pars\.scrapy\httpcache
2023-03-30 15:54:44 [scrapy.core.engine] DEBUG: Crawled (404) <GET https://pubs.rsc.org/en/content/articlelanding> (referer: None) ['cached']
2023-03-30 15:54:45 [scrapy.spidermiddlewares.httperror] INFO: Ignoring response <404 https://pubs.rsc.org/en/content/articlelanding>: HTTP status code is not handled or not allowed
2023-03-30 15:54:45 [scrapy.core.engine] INFO: Closing spider (finished)
2023-03-30 15:54:45 [scrapy.statscollectors] INFO: Dumping Scrapy stats:
{'downloader/request_bytes': 304,
 'downloader/request_count': 1,
 'downloader/request_method_count/GET': 1,
 'downloader/response_bytes': 6089,
 'downloader/response_count': 1,
 'downloader/response_status_count/404': 1,
 'elapsed_time_seconds': 0.1202,
 'finish_reason': 'finished',
 'finish_time': datetime.datetime(2023, 3, 30, 12, 54, 45, 83423),
 'httpcache/hit': 1,
 'httpcompression/response_bytes': 28972,
 'httpcompression/response_count': 1,
 'httperror/response_ignored_count': 1,
 'httperror/response_ignored_status_count/404': 1,
 'log_count/DEBUG': 5,
 'log_count/INFO': 9,
 'response_received_count': 1,
 'scheduler/dequeued': 1,
 'scheduler/dequeued/memory': 1,
 'scheduler/enqueued': 1,
 'scheduler/enqueued/memory': 1,
 'start_time': datetime.datetime(2023, 3, 30, 12, 54, 44, 963223)}
2023-03-30 15:54:45 [scrapy.core.engine] INFO: Spider closed (finished)
2023-03-30 15:55:03 [asyncio] DEBUG: Using selector: SelectSelector
2023-03-30 15:55:03 [scrapy.utils.log] DEBUG: Using reactor: twisted.internet.asyncioreactor.AsyncioSelectorReactor
2023-03-30 15:55:03 [scrapy.utils.log] DEBUG: Using asyncio event loop: asyncio.windows_events._WindowsSelectorEventLoop
2023-03-30 15:55:03 [scrapy.middleware] INFO: Enabled extensions:
['scrapy.extensions.corestats.CoreStats', 'scrapy.extensions.logstats.LogStats']
2023-03-30 15:55:03 [scrapy.middleware] INFO: Enabled downloader middlewares:
['scrapy.downloadermiddlewares.httpauth.HttpAuthMiddleware',
 'scrapy.downloadermiddlewares.downloadtimeout.DownloadTimeoutMiddleware',
 'scrapy.downloadermiddlewares.defaultheaders.DefaultHeadersMiddleware',
 'scrapy.downloadermiddlewares.useragent.UserAgentMiddleware',
 'scrapy.downloadermiddlewares.retry.RetryMiddleware',
 'scrapy.downloadermiddlewares.redirect.MetaRefreshMiddleware',
 'scrapy.downloadermiddlewares.httpcompression.HttpCompressionMiddleware',
 'scrapy.downloadermiddlewares.redirect.RedirectMiddleware',
 'scrapy.downloadermiddlewares.cookies.CookiesMiddleware',
 'scrapy.downloadermiddlewares.httpproxy.HttpProxyMiddleware',
 'scrapy.downloadermiddlewares.stats.DownloaderStats',
 'scrapy.downloadermiddlewares.httpcache.HttpCacheMiddleware']
2023-03-30 15:55:03 [scrapy.middleware] INFO: Enabled spider middlewares:
['scrapy.spidermiddlewares.httperror.HttpErrorMiddleware',
 'scrapy.spidermiddlewares.offsite.OffsiteMiddleware',
 'scrapy.spidermiddlewares.referer.RefererMiddleware',
 'scrapy.spidermiddlewares.urllength.UrlLengthMiddleware',
 'scrapy.spidermiddlewares.depth.DepthMiddleware']
2023-03-30 15:55:03 [scrapy.middleware] INFO: Enabled item pipelines:
['scrapy.pipelines.files.FilesPipeline']
2023-03-30 15:55:03 [scrapy.core.engine] INFO: Spider opened
2023-03-30 15:55:03 [scrapy.extensions.logstats] INFO: Crawled 0 pages (at 0 pages/min), scraped 0 items (at 0 items/min)
2023-03-30 15:55:03 [scrapy.extensions.httpcache] DEBUG: Using filesystem cache storage in C:\coursework\pars\.scrapy\httpcache
2023-03-30 15:55:03 [scrapy.core.engine] DEBUG: Crawled (404) <GET https://pubs.rsc.org/en/content/articlelanding> (referer: None) ['cached']
2023-03-30 15:55:03 [scrapy.spidermiddlewares.httperror] INFO: Ignoring response <404 https://pubs.rsc.org/en/content/articlelanding>: HTTP status code is not handled or not allowed
2023-03-30 15:55:03 [scrapy.core.engine] INFO: Closing spider (finished)
2023-03-30 15:55:03 [scrapy.statscollectors] INFO: Dumping Scrapy stats:
{'downloader/request_bytes': 304,
 'downloader/request_count': 1,
 'downloader/request_method_count/GET': 1,
 'downloader/response_bytes': 6089,
 'downloader/response_count': 1,
 'downloader/response_status_count/404': 1,
 'elapsed_time_seconds': 0.120271,
 'finish_reason': 'finished',
 'finish_time': datetime.datetime(2023, 3, 30, 12, 55, 3, 550448),
 'httpcache/hit': 1,
 'httpcompression/response_bytes': 28972,
 'httpcompression/response_count': 1,
 'httperror/response_ignored_count': 1,
 'httperror/response_ignored_status_count/404': 1,
 'log_count/DEBUG': 5,
 'log_count/INFO': 9,
 'response_received_count': 1,
 'scheduler/dequeued': 1,
 'scheduler/dequeued/memory': 1,
 'scheduler/enqueued': 1,
 'scheduler/enqueued/memory': 1,
 'start_time': datetime.datetime(2023, 3, 30, 12, 55, 3, 430177)}
2023-03-30 15:55:03 [scrapy.core.engine] INFO: Spider closed (finished)
2023-03-30 15:57:53 [asyncio] DEBUG: Using selector: SelectSelector
2023-03-30 15:57:53 [scrapy.utils.log] DEBUG: Using reactor: twisted.internet.asyncioreactor.AsyncioSelectorReactor
2023-03-30 15:57:53 [scrapy.utils.log] DEBUG: Using asyncio event loop: asyncio.windows_events._WindowsSelectorEventLoop
2023-03-30 15:57:53 [scrapy.middleware] INFO: Enabled extensions:
['scrapy.extensions.corestats.CoreStats', 'scrapy.extensions.logstats.LogStats']
2023-03-30 15:57:54 [scrapy.middleware] INFO: Enabled downloader middlewares:
['scrapy.downloadermiddlewares.httpauth.HttpAuthMiddleware',
 'scrapy.downloadermiddlewares.downloadtimeout.DownloadTimeoutMiddleware',
 'scrapy.downloadermiddlewares.defaultheaders.DefaultHeadersMiddleware',
 'scrapy.downloadermiddlewares.useragent.UserAgentMiddleware',
 'scrapy.downloadermiddlewares.retry.RetryMiddleware',
 'scrapy.downloadermiddlewares.redirect.MetaRefreshMiddleware',
 'scrapy.downloadermiddlewares.httpcompression.HttpCompressionMiddleware',
 'scrapy.downloadermiddlewares.redirect.RedirectMiddleware',
 'scrapy.downloadermiddlewares.cookies.CookiesMiddleware',
 'scrapy.downloadermiddlewares.httpproxy.HttpProxyMiddleware',
 'scrapy.downloadermiddlewares.stats.DownloaderStats',
 'scrapy.downloadermiddlewares.httpcache.HttpCacheMiddleware']
2023-03-30 15:57:54 [scrapy.middleware] INFO: Enabled spider middlewares:
['scrapy.spidermiddlewares.httperror.HttpErrorMiddleware',
 'scrapy.spidermiddlewares.offsite.OffsiteMiddleware',
 'scrapy.spidermiddlewares.referer.RefererMiddleware',
 'scrapy.spidermiddlewares.urllength.UrlLengthMiddleware',
 'scrapy.spidermiddlewares.depth.DepthMiddleware']
2023-03-30 15:57:54 [scrapy.middleware] INFO: Enabled item pipelines:
['scrapy.pipelines.files.FilesPipeline']
2023-03-30 15:57:54 [scrapy.core.engine] INFO: Spider opened
2023-03-30 15:57:54 [scrapy.extensions.logstats] INFO: Crawled 0 pages (at 0 pages/min), scraped 0 items (at 0 items/min)
2023-03-30 15:57:54 [scrapy.extensions.httpcache] DEBUG: Using filesystem cache storage in C:\coursework\pars\.scrapy\httpcache
2023-03-30 15:57:54 [scrapy.core.engine] DEBUG: Crawled (404) <GET https://pubs.rsc.org/en/content/articlelanding> (referer: None) ['cached']
2023-03-30 15:57:54 [scrapy.spidermiddlewares.httperror] INFO: Ignoring response <404 https://pubs.rsc.org/en/content/articlelanding>: HTTP status code is not handled or not allowed
2023-03-30 15:57:54 [scrapy.core.engine] INFO: Closing spider (finished)
2023-03-30 15:57:54 [scrapy.statscollectors] INFO: Dumping Scrapy stats:
{'downloader/request_bytes': 304,
 'downloader/request_count': 1,
 'downloader/request_method_count/GET': 1,
 'downloader/response_bytes': 6089,
 'downloader/response_count': 1,
 'downloader/response_status_count/404': 1,
 'elapsed_time_seconds': 0.115836,
 'finish_reason': 'finished',
 'finish_time': datetime.datetime(2023, 3, 30, 12, 57, 54, 458429),
 'httpcache/hit': 1,
 'httpcompression/response_bytes': 28972,
 'httpcompression/response_count': 1,
 'httperror/response_ignored_count': 1,
 'httperror/response_ignored_status_count/404': 1,
 'log_count/DEBUG': 5,
 'log_count/INFO': 9,
 'response_received_count': 1,
 'scheduler/dequeued': 1,
 'scheduler/dequeued/memory': 1,
 'scheduler/enqueued': 1,
 'scheduler/enqueued/memory': 1,
 'start_time': datetime.datetime(2023, 3, 30, 12, 57, 54, 342593)}
2023-03-30 15:57:54 [scrapy.core.engine] INFO: Spider closed (finished)
2023-03-30 21:27:05 [asyncio] DEBUG: Using selector: SelectSelector
2023-03-30 21:27:05 [scrapy.utils.log] DEBUG: Using reactor: twisted.internet.asyncioreactor.AsyncioSelectorReactor
2023-03-30 21:27:05 [scrapy.utils.log] DEBUG: Using asyncio event loop: asyncio.windows_events._WindowsSelectorEventLoop
2023-03-30 21:27:05 [scrapy.middleware] INFO: Enabled extensions:
['scrapy.extensions.corestats.CoreStats', 'scrapy.extensions.logstats.LogStats']
2023-03-30 21:27:06 [scrapy.middleware] INFO: Enabled downloader middlewares:
['scrapy.downloadermiddlewares.httpauth.HttpAuthMiddleware',
 'scrapy.downloadermiddlewares.downloadtimeout.DownloadTimeoutMiddleware',
 'scrapy.downloadermiddlewares.defaultheaders.DefaultHeadersMiddleware',
 'scrapy.downloadermiddlewares.useragent.UserAgentMiddleware',
 'scrapy.downloadermiddlewares.retry.RetryMiddleware',
 'scrapy.downloadermiddlewares.redirect.MetaRefreshMiddleware',
 'scrapy.downloadermiddlewares.httpcompression.HttpCompressionMiddleware',
 'scrapy.downloadermiddlewares.redirect.RedirectMiddleware',
 'scrapy.downloadermiddlewares.cookies.CookiesMiddleware',
 'scrapy.downloadermiddlewares.httpproxy.HttpProxyMiddleware',
 'scrapy.downloadermiddlewares.stats.DownloaderStats',
 'scrapy.downloadermiddlewares.httpcache.HttpCacheMiddleware']
2023-03-30 21:27:06 [scrapy.middleware] INFO: Enabled spider middlewares:
['scrapy.spidermiddlewares.httperror.HttpErrorMiddleware',
 'scrapy.spidermiddlewares.offsite.OffsiteMiddleware',
 'scrapy.spidermiddlewares.referer.RefererMiddleware',
 'scrapy.spidermiddlewares.urllength.UrlLengthMiddleware',
 'scrapy.spidermiddlewares.depth.DepthMiddleware']
2023-03-30 21:27:06 [scrapy.middleware] INFO: Enabled item pipelines:
['scrapy.pipelines.files.FilesPipeline']
2023-03-30 21:27:06 [scrapy.core.engine] INFO: Spider opened
2023-03-30 21:27:06 [scrapy.extensions.logstats] INFO: Crawled 0 pages (at 0 pages/min), scraped 0 items (at 0 items/min)
2023-03-30 21:27:06 [scrapy.extensions.httpcache] DEBUG: Using filesystem cache storage in C:\coursework\pars\.scrapy\httpcache
2023-03-30 21:27:06 [scrapy.core.engine] DEBUG: Crawled (404) <GET https://pubs.rsc.org/en/content/articlelanding> (referer: None) ['cached']
2023-03-30 21:27:07 [scrapy.spidermiddlewares.httperror] INFO: Ignoring response <404 https://pubs.rsc.org/en/content/articlelanding>: HTTP status code is not handled or not allowed
2023-03-30 21:27:07 [scrapy.core.engine] INFO: Closing spider (finished)
2023-03-30 21:27:07 [scrapy.statscollectors] INFO: Dumping Scrapy stats:
{'downloader/request_bytes': 304,
 'downloader/request_count': 1,
 'downloader/request_method_count/GET': 1,
 'downloader/response_bytes': 6089,
 'downloader/response_count': 1,
 'downloader/response_status_count/404': 1,
 'elapsed_time_seconds': 0.159141,
 'finish_reason': 'finished',
 'finish_time': datetime.datetime(2023, 3, 30, 18, 27, 7, 41181),
 'httpcache/hit': 1,
 'httpcompression/response_bytes': 28972,
 'httpcompression/response_count': 1,
 'httperror/response_ignored_count': 1,
 'httperror/response_ignored_status_count/404': 1,
 'log_count/DEBUG': 5,
 'log_count/INFO': 9,
 'response_received_count': 1,
 'scheduler/dequeued': 1,
 'scheduler/dequeued/memory': 1,
 'scheduler/enqueued': 1,
 'scheduler/enqueued/memory': 1,
 'start_time': datetime.datetime(2023, 3, 30, 18, 27, 6, 882040)}
2023-03-30 21:27:07 [scrapy.core.engine] INFO: Spider closed (finished)
2023-03-30 21:28:12 [asyncio] DEBUG: Using selector: SelectSelector
2023-03-30 21:28:12 [scrapy.utils.log] DEBUG: Using reactor: twisted.internet.asyncioreactor.AsyncioSelectorReactor
2023-03-30 21:28:12 [scrapy.utils.log] DEBUG: Using asyncio event loop: asyncio.windows_events._WindowsSelectorEventLoop
2023-03-30 21:28:12 [scrapy.middleware] INFO: Enabled extensions:
['scrapy.extensions.corestats.CoreStats', 'scrapy.extensions.logstats.LogStats']
2023-03-30 21:28:12 [scrapy.middleware] INFO: Enabled downloader middlewares:
['scrapy.downloadermiddlewares.httpauth.HttpAuthMiddleware',
 'scrapy.downloadermiddlewares.downloadtimeout.DownloadTimeoutMiddleware',
 'scrapy.downloadermiddlewares.defaultheaders.DefaultHeadersMiddleware',
 'scrapy.downloadermiddlewares.useragent.UserAgentMiddleware',
 'scrapy.downloadermiddlewares.retry.RetryMiddleware',
 'scrapy.downloadermiddlewares.redirect.MetaRefreshMiddleware',
 'scrapy.downloadermiddlewares.httpcompression.HttpCompressionMiddleware',
 'scrapy.downloadermiddlewares.redirect.RedirectMiddleware',
 'scrapy.downloadermiddlewares.cookies.CookiesMiddleware',
 'scrapy.downloadermiddlewares.httpproxy.HttpProxyMiddleware',
 'scrapy.downloadermiddlewares.stats.DownloaderStats',
 'scrapy.downloadermiddlewares.httpcache.HttpCacheMiddleware']
2023-03-30 21:28:12 [scrapy.middleware] INFO: Enabled spider middlewares:
['scrapy.spidermiddlewares.httperror.HttpErrorMiddleware',
 'scrapy.spidermiddlewares.offsite.OffsiteMiddleware',
 'scrapy.spidermiddlewares.referer.RefererMiddleware',
 'scrapy.spidermiddlewares.urllength.UrlLengthMiddleware',
 'scrapy.spidermiddlewares.depth.DepthMiddleware']
2023-03-30 21:28:12 [scrapy.middleware] INFO: Enabled item pipelines:
['scrapy.pipelines.files.FilesPipeline']
2023-03-30 21:28:12 [scrapy.core.engine] INFO: Spider opened
2023-03-30 21:28:13 [scrapy.extensions.logstats] INFO: Crawled 0 pages (at 0 pages/min), scraped 0 items (at 0 items/min)
2023-03-30 21:28:13 [scrapy.extensions.httpcache] DEBUG: Using filesystem cache storage in C:\coursework\pars\.scrapy\httpcache
2023-03-30 21:28:13 [scrapy.core.engine] DEBUG: Crawled (200) <GET https://pubs.rsc.org/en/journals> (referer: None) ['cached']
2023-03-30 21:28:13 [scrapy.core.engine] INFO: Closing spider (finished)
2023-03-30 21:28:13 [scrapy.statscollectors] INFO: Dumping Scrapy stats:
{'downloader/request_bytes': 290,
 'downloader/request_count': 1,
 'downloader/request_method_count/GET': 1,
 'downloader/response_bytes': 31522,
 'downloader/response_count': 1,
 'downloader/response_status_count/200': 1,
 'elapsed_time_seconds': 0.178693,
 'finish_reason': 'finished',
 'finish_time': datetime.datetime(2023, 3, 30, 18, 28, 13, 467263),
 'httpcache/hit': 1,
 'httpcompression/response_bytes': 131096,
 'httpcompression/response_count': 1,
 'log_count/DEBUG': 5,
 'log_count/INFO': 8,
 'response_received_count': 1,
 'scheduler/dequeued': 1,
 'scheduler/dequeued/memory': 1,
 'scheduler/enqueued': 1,
 'scheduler/enqueued/memory': 1,
 'start_time': datetime.datetime(2023, 3, 30, 18, 28, 13, 288570)}
2023-03-30 21:28:13 [scrapy.core.engine] INFO: Spider closed (finished)
2023-03-30 21:29:14 [asyncio] DEBUG: Using selector: SelectSelector
2023-03-30 21:29:14 [scrapy.utils.log] DEBUG: Using reactor: twisted.internet.asyncioreactor.AsyncioSelectorReactor
2023-03-30 21:29:14 [scrapy.utils.log] DEBUG: Using asyncio event loop: asyncio.windows_events._WindowsSelectorEventLoop
2023-03-30 21:29:14 [scrapy.middleware] INFO: Enabled extensions:
['scrapy.extensions.corestats.CoreStats', 'scrapy.extensions.logstats.LogStats']
2023-03-30 21:29:14 [scrapy.middleware] INFO: Enabled downloader middlewares:
['scrapy.downloadermiddlewares.httpauth.HttpAuthMiddleware',
 'scrapy.downloadermiddlewares.downloadtimeout.DownloadTimeoutMiddleware',
 'scrapy.downloadermiddlewares.defaultheaders.DefaultHeadersMiddleware',
 'scrapy.downloadermiddlewares.useragent.UserAgentMiddleware',
 'scrapy.downloadermiddlewares.retry.RetryMiddleware',
 'scrapy.downloadermiddlewares.redirect.MetaRefreshMiddleware',
 'scrapy.downloadermiddlewares.httpcompression.HttpCompressionMiddleware',
 'scrapy.downloadermiddlewares.redirect.RedirectMiddleware',
 'scrapy.downloadermiddlewares.cookies.CookiesMiddleware',
 'scrapy.downloadermiddlewares.httpproxy.HttpProxyMiddleware',
 'scrapy.downloadermiddlewares.stats.DownloaderStats',
 'scrapy.downloadermiddlewares.httpcache.HttpCacheMiddleware']
2023-03-30 21:29:14 [scrapy.middleware] INFO: Enabled spider middlewares:
['scrapy.spidermiddlewares.httperror.HttpErrorMiddleware',
 'scrapy.spidermiddlewares.offsite.OffsiteMiddleware',
 'scrapy.spidermiddlewares.referer.RefererMiddleware',
 'scrapy.spidermiddlewares.urllength.UrlLengthMiddleware',
 'scrapy.spidermiddlewares.depth.DepthMiddleware']
2023-03-30 21:29:14 [scrapy.middleware] INFO: Enabled item pipelines:
['scrapy.pipelines.files.FilesPipeline']
2023-03-30 21:29:14 [scrapy.core.engine] INFO: Spider opened
2023-03-30 21:29:14 [scrapy.extensions.logstats] INFO: Crawled 0 pages (at 0 pages/min), scraped 0 items (at 0 items/min)
2023-03-30 21:29:14 [scrapy.extensions.httpcache] DEBUG: Using filesystem cache storage in C:\coursework\pars\.scrapy\httpcache
2023-03-30 21:29:14 [scrapy.core.engine] DEBUG: Crawled (404) <GET https://pubs.rsc.org/en/content/articlelanding> (referer: None) ['cached']
2023-03-30 21:29:14 [scrapy.spidermiddlewares.httperror] INFO: Ignoring response <404 https://pubs.rsc.org/en/content/articlelanding>: HTTP status code is not handled or not allowed
2023-03-30 21:29:14 [scrapy.core.engine] INFO: Closing spider (finished)
2023-03-30 21:29:14 [scrapy.statscollectors] INFO: Dumping Scrapy stats:
{'downloader/request_bytes': 304,
 'downloader/request_count': 1,
 'downloader/request_method_count/GET': 1,
 'downloader/response_bytes': 6089,
 'downloader/response_count': 1,
 'downloader/response_status_count/404': 1,
 'elapsed_time_seconds': 0.119171,
 'finish_reason': 'finished',
 'finish_time': datetime.datetime(2023, 3, 30, 18, 29, 14, 557026),
 'httpcache/hit': 1,
 'httpcompression/response_bytes': 28972,
 'httpcompression/response_count': 1,
 'httperror/response_ignored_count': 1,
 'httperror/response_ignored_status_count/404': 1,
 'log_count/DEBUG': 5,
 'log_count/INFO': 9,
 'response_received_count': 1,
 'scheduler/dequeued': 1,
 'scheduler/dequeued/memory': 1,
 'scheduler/enqueued': 1,
 'scheduler/enqueued/memory': 1,
 'start_time': datetime.datetime(2023, 3, 30, 18, 29, 14, 437855)}
2023-03-30 21:29:14 [scrapy.core.engine] INFO: Spider closed (finished)
2023-03-30 21:29:29 [asyncio] DEBUG: Using selector: SelectSelector
2023-03-30 21:29:29 [scrapy.utils.log] DEBUG: Using reactor: twisted.internet.asyncioreactor.AsyncioSelectorReactor
2023-03-30 21:29:29 [scrapy.utils.log] DEBUG: Using asyncio event loop: asyncio.windows_events._WindowsSelectorEventLoop
2023-03-30 21:29:29 [scrapy.middleware] INFO: Enabled extensions:
['scrapy.extensions.corestats.CoreStats', 'scrapy.extensions.logstats.LogStats']
2023-03-30 21:29:30 [scrapy.middleware] INFO: Enabled downloader middlewares:
['scrapy.downloadermiddlewares.httpauth.HttpAuthMiddleware',
 'scrapy.downloadermiddlewares.downloadtimeout.DownloadTimeoutMiddleware',
 'scrapy.downloadermiddlewares.defaultheaders.DefaultHeadersMiddleware',
 'scrapy.downloadermiddlewares.useragent.UserAgentMiddleware',
 'scrapy.downloadermiddlewares.retry.RetryMiddleware',
 'scrapy.downloadermiddlewares.redirect.MetaRefreshMiddleware',
 'scrapy.downloadermiddlewares.httpcompression.HttpCompressionMiddleware',
 'scrapy.downloadermiddlewares.redirect.RedirectMiddleware',
 'scrapy.downloadermiddlewares.cookies.CookiesMiddleware',
 'scrapy.downloadermiddlewares.httpproxy.HttpProxyMiddleware',
 'scrapy.downloadermiddlewares.stats.DownloaderStats',
 'scrapy.downloadermiddlewares.httpcache.HttpCacheMiddleware']
2023-03-30 21:29:30 [scrapy.middleware] INFO: Enabled spider middlewares:
['scrapy.spidermiddlewares.httperror.HttpErrorMiddleware',
 'scrapy.spidermiddlewares.offsite.OffsiteMiddleware',
 'scrapy.spidermiddlewares.referer.RefererMiddleware',
 'scrapy.spidermiddlewares.urllength.UrlLengthMiddleware',
 'scrapy.spidermiddlewares.depth.DepthMiddleware']
2023-03-30 21:29:30 [scrapy.middleware] INFO: Enabled item pipelines:
['scrapy.pipelines.files.FilesPipeline']
2023-03-30 21:29:30 [scrapy.core.engine] INFO: Spider opened
2023-03-30 21:29:30 [scrapy.extensions.logstats] INFO: Crawled 0 pages (at 0 pages/min), scraped 0 items (at 0 items/min)
2023-03-30 21:29:30 [scrapy.extensions.httpcache] DEBUG: Using filesystem cache storage in C:\coursework\pars\.scrapy\httpcache
2023-03-30 21:29:30 [scrapy.core.engine] DEBUG: Crawled (404) <GET https://pubs.rsc.org/en/content/articlelanding> (referer: None) ['cached']
2023-03-30 21:29:30 [scrapy.spidermiddlewares.httperror] INFO: Ignoring response <404 https://pubs.rsc.org/en/content/articlelanding>: HTTP status code is not handled or not allowed
2023-03-30 21:29:30 [scrapy.core.engine] INFO: Closing spider (finished)
2023-03-30 21:29:30 [scrapy.statscollectors] INFO: Dumping Scrapy stats:
{'downloader/request_bytes': 304,
 'downloader/request_count': 1,
 'downloader/request_method_count/GET': 1,
 'downloader/response_bytes': 6089,
 'downloader/response_count': 1,
 'downloader/response_status_count/404': 1,
 'elapsed_time_seconds': 0.111907,
 'finish_reason': 'finished',
 'finish_time': datetime.datetime(2023, 3, 30, 18, 29, 30, 273647),
 'httpcache/hit': 1,
 'httpcompression/response_bytes': 28972,
 'httpcompression/response_count': 1,
 'httperror/response_ignored_count': 1,
 'httperror/response_ignored_status_count/404': 1,
 'log_count/DEBUG': 5,
 'log_count/INFO': 9,
 'response_received_count': 1,
 'scheduler/dequeued': 1,
 'scheduler/dequeued/memory': 1,
 'scheduler/enqueued': 1,
 'scheduler/enqueued/memory': 1,
 'start_time': datetime.datetime(2023, 3, 30, 18, 29, 30, 161740)}
2023-03-30 21:29:30 [scrapy.core.engine] INFO: Spider closed (finished)
2023-03-30 21:29:52 [asyncio] DEBUG: Using selector: SelectSelector
2023-03-30 21:29:52 [scrapy.utils.log] DEBUG: Using reactor: twisted.internet.asyncioreactor.AsyncioSelectorReactor
2023-03-30 21:29:52 [scrapy.utils.log] DEBUG: Using asyncio event loop: asyncio.windows_events._WindowsSelectorEventLoop
2023-03-30 21:29:52 [scrapy.middleware] INFO: Enabled extensions:
['scrapy.extensions.corestats.CoreStats', 'scrapy.extensions.logstats.LogStats']
2023-03-30 21:29:52 [scrapy.middleware] INFO: Enabled downloader middlewares:
['scrapy.downloadermiddlewares.httpauth.HttpAuthMiddleware',
 'scrapy.downloadermiddlewares.downloadtimeout.DownloadTimeoutMiddleware',
 'scrapy.downloadermiddlewares.defaultheaders.DefaultHeadersMiddleware',
 'scrapy.downloadermiddlewares.useragent.UserAgentMiddleware',
 'scrapy.downloadermiddlewares.retry.RetryMiddleware',
 'scrapy.downloadermiddlewares.redirect.MetaRefreshMiddleware',
 'scrapy.downloadermiddlewares.httpcompression.HttpCompressionMiddleware',
 'scrapy.downloadermiddlewares.redirect.RedirectMiddleware',
 'scrapy.downloadermiddlewares.cookies.CookiesMiddleware',
 'scrapy.downloadermiddlewares.httpproxy.HttpProxyMiddleware',
 'scrapy.downloadermiddlewares.stats.DownloaderStats',
 'scrapy.downloadermiddlewares.httpcache.HttpCacheMiddleware']
2023-03-30 21:29:52 [scrapy.middleware] INFO: Enabled spider middlewares:
['scrapy.spidermiddlewares.httperror.HttpErrorMiddleware',
 'scrapy.spidermiddlewares.offsite.OffsiteMiddleware',
 'scrapy.spidermiddlewares.referer.RefererMiddleware',
 'scrapy.spidermiddlewares.urllength.UrlLengthMiddleware',
 'scrapy.spidermiddlewares.depth.DepthMiddleware']
2023-03-30 21:29:52 [scrapy.middleware] INFO: Enabled item pipelines:
['scrapy.pipelines.files.FilesPipeline']
2023-03-30 21:29:52 [scrapy.core.engine] INFO: Spider opened
2023-03-30 21:29:52 [scrapy.extensions.logstats] INFO: Crawled 0 pages (at 0 pages/min), scraped 0 items (at 0 items/min)
2023-03-30 21:29:52 [scrapy.extensions.httpcache] DEBUG: Using filesystem cache storage in C:\coursework\pars\.scrapy\httpcache
2023-03-30 21:29:52 [scrapy.core.engine] DEBUG: Crawled (404) <GET https://pubs.rsc.org/en/content/articlelanding> (referer: None) ['cached']
2023-03-30 21:29:52 [scrapy.spidermiddlewares.httperror] INFO: Ignoring response <404 https://pubs.rsc.org/en/content/articlelanding>: HTTP status code is not handled or not allowed
2023-03-30 21:29:52 [scrapy.core.engine] INFO: Closing spider (finished)
2023-03-30 21:29:52 [scrapy.statscollectors] INFO: Dumping Scrapy stats:
{'downloader/request_bytes': 304,
 'downloader/request_count': 1,
 'downloader/request_method_count/GET': 1,
 'downloader/response_bytes': 6089,
 'downloader/response_count': 1,
 'downloader/response_status_count/404': 1,
 'elapsed_time_seconds': 0.121755,
 'finish_reason': 'finished',
 'finish_time': datetime.datetime(2023, 3, 30, 18, 29, 52, 864594),
 'httpcache/hit': 1,
 'httpcompression/response_bytes': 28972,
 'httpcompression/response_count': 1,
 'httperror/response_ignored_count': 1,
 'httperror/response_ignored_status_count/404': 1,
 'log_count/DEBUG': 5,
 'log_count/INFO': 9,
 'response_received_count': 1,
 'scheduler/dequeued': 1,
 'scheduler/dequeued/memory': 1,
 'scheduler/enqueued': 1,
 'scheduler/enqueued/memory': 1,
 'start_time': datetime.datetime(2023, 3, 30, 18, 29, 52, 742839)}
2023-03-30 21:29:52 [scrapy.core.engine] INFO: Spider closed (finished)
2023-03-30 21:29:59 [asyncio] DEBUG: Using selector: SelectSelector
2023-03-30 21:29:59 [scrapy.utils.log] DEBUG: Using reactor: twisted.internet.asyncioreactor.AsyncioSelectorReactor
2023-03-30 21:29:59 [scrapy.utils.log] DEBUG: Using asyncio event loop: asyncio.windows_events._WindowsSelectorEventLoop
2023-03-30 21:29:59 [scrapy.middleware] INFO: Enabled extensions:
['scrapy.extensions.corestats.CoreStats', 'scrapy.extensions.logstats.LogStats']
2023-03-30 21:29:59 [scrapy.middleware] INFO: Enabled downloader middlewares:
['scrapy.downloadermiddlewares.httpauth.HttpAuthMiddleware',
 'scrapy.downloadermiddlewares.downloadtimeout.DownloadTimeoutMiddleware',
 'scrapy.downloadermiddlewares.defaultheaders.DefaultHeadersMiddleware',
 'scrapy.downloadermiddlewares.useragent.UserAgentMiddleware',
 'scrapy.downloadermiddlewares.retry.RetryMiddleware',
 'scrapy.downloadermiddlewares.redirect.MetaRefreshMiddleware',
 'scrapy.downloadermiddlewares.httpcompression.HttpCompressionMiddleware',
 'scrapy.downloadermiddlewares.redirect.RedirectMiddleware',
 'scrapy.downloadermiddlewares.cookies.CookiesMiddleware',
 'scrapy.downloadermiddlewares.httpproxy.HttpProxyMiddleware',
 'scrapy.downloadermiddlewares.stats.DownloaderStats',
 'scrapy.downloadermiddlewares.httpcache.HttpCacheMiddleware']
2023-03-30 21:29:59 [scrapy.middleware] INFO: Enabled spider middlewares:
['scrapy.spidermiddlewares.httperror.HttpErrorMiddleware',
 'scrapy.spidermiddlewares.offsite.OffsiteMiddleware',
 'scrapy.spidermiddlewares.referer.RefererMiddleware',
 'scrapy.spidermiddlewares.urllength.UrlLengthMiddleware',
 'scrapy.spidermiddlewares.depth.DepthMiddleware']
2023-03-30 21:29:59 [scrapy.middleware] INFO: Enabled item pipelines:
['scrapy.pipelines.files.FilesPipeline']
2023-03-30 21:29:59 [scrapy.core.engine] INFO: Spider opened
2023-03-30 21:29:59 [scrapy.extensions.logstats] INFO: Crawled 0 pages (at 0 pages/min), scraped 0 items (at 0 items/min)
2023-03-30 21:29:59 [scrapy.extensions.httpcache] DEBUG: Using filesystem cache storage in C:\coursework\pars\.scrapy\httpcache
2023-03-30 21:29:59 [scrapy.core.engine] DEBUG: Crawled (404) <GET https://pubs.rsc.org/en/content/articlelanding> (referer: None) ['cached']
2023-03-30 21:29:59 [scrapy.spidermiddlewares.httperror] INFO: Ignoring response <404 https://pubs.rsc.org/en/content/articlelanding>: HTTP status code is not handled or not allowed
2023-03-30 21:29:59 [scrapy.core.engine] INFO: Closing spider (finished)
2023-03-30 21:29:59 [scrapy.statscollectors] INFO: Dumping Scrapy stats:
{'downloader/request_bytes': 304,
 'downloader/request_count': 1,
 'downloader/request_method_count/GET': 1,
 'downloader/response_bytes': 6089,
 'downloader/response_count': 1,
 'downloader/response_status_count/404': 1,
 'elapsed_time_seconds': 0.1246,
 'finish_reason': 'finished',
 'finish_time': datetime.datetime(2023, 3, 30, 18, 29, 59, 984366),
 'httpcache/hit': 1,
 'httpcompression/response_bytes': 28972,
 'httpcompression/response_count': 1,
 'httperror/response_ignored_count': 1,
 'httperror/response_ignored_status_count/404': 1,
 'log_count/DEBUG': 5,
 'log_count/INFO': 9,
 'response_received_count': 1,
 'scheduler/dequeued': 1,
 'scheduler/dequeued/memory': 1,
 'scheduler/enqueued': 1,
 'scheduler/enqueued/memory': 1,
 'start_time': datetime.datetime(2023, 3, 30, 18, 29, 59, 859766)}
2023-03-30 21:29:59 [scrapy.core.engine] INFO: Spider closed (finished)
2023-03-30 21:30:05 [asyncio] DEBUG: Using selector: SelectSelector
2023-03-30 21:30:05 [scrapy.utils.log] DEBUG: Using reactor: twisted.internet.asyncioreactor.AsyncioSelectorReactor
2023-03-30 21:30:05 [scrapy.utils.log] DEBUG: Using asyncio event loop: asyncio.windows_events._WindowsSelectorEventLoop
2023-03-30 21:30:05 [scrapy.middleware] INFO: Enabled extensions:
['scrapy.extensions.corestats.CoreStats', 'scrapy.extensions.logstats.LogStats']
2023-03-30 21:30:05 [scrapy.middleware] INFO: Enabled downloader middlewares:
['scrapy.downloadermiddlewares.httpauth.HttpAuthMiddleware',
 'scrapy.downloadermiddlewares.downloadtimeout.DownloadTimeoutMiddleware',
 'scrapy.downloadermiddlewares.defaultheaders.DefaultHeadersMiddleware',
 'scrapy.downloadermiddlewares.useragent.UserAgentMiddleware',
 'scrapy.downloadermiddlewares.retry.RetryMiddleware',
 'scrapy.downloadermiddlewares.redirect.MetaRefreshMiddleware',
 'scrapy.downloadermiddlewares.httpcompression.HttpCompressionMiddleware',
 'scrapy.downloadermiddlewares.redirect.RedirectMiddleware',
 'scrapy.downloadermiddlewares.cookies.CookiesMiddleware',
 'scrapy.downloadermiddlewares.httpproxy.HttpProxyMiddleware',
 'scrapy.downloadermiddlewares.stats.DownloaderStats',
 'scrapy.downloadermiddlewares.httpcache.HttpCacheMiddleware']
2023-03-30 21:30:05 [scrapy.middleware] INFO: Enabled spider middlewares:
['scrapy.spidermiddlewares.httperror.HttpErrorMiddleware',
 'scrapy.spidermiddlewares.offsite.OffsiteMiddleware',
 'scrapy.spidermiddlewares.referer.RefererMiddleware',
 'scrapy.spidermiddlewares.urllength.UrlLengthMiddleware',
 'scrapy.spidermiddlewares.depth.DepthMiddleware']
2023-03-30 21:30:05 [scrapy.middleware] INFO: Enabled item pipelines:
['scrapy.pipelines.files.FilesPipeline']
2023-03-30 21:30:05 [scrapy.core.engine] INFO: Spider opened
2023-03-30 21:30:05 [scrapy.extensions.logstats] INFO: Crawled 0 pages (at 0 pages/min), scraped 0 items (at 0 items/min)
2023-03-30 21:30:05 [scrapy.extensions.httpcache] DEBUG: Using filesystem cache storage in C:\coursework\pars\.scrapy\httpcache
2023-03-30 21:30:05 [scrapy.core.engine] DEBUG: Crawled (404) <GET https://pubs.rsc.org/en/content/articlelanding> (referer: None) ['cached']
2023-03-30 21:30:06 [scrapy.spidermiddlewares.httperror] INFO: Ignoring response <404 https://pubs.rsc.org/en/content/articlelanding>: HTTP status code is not handled or not allowed
2023-03-30 21:30:06 [scrapy.core.engine] INFO: Closing spider (finished)
2023-03-30 21:30:06 [scrapy.statscollectors] INFO: Dumping Scrapy stats:
{'downloader/request_bytes': 304,
 'downloader/request_count': 1,
 'downloader/request_method_count/GET': 1,
 'downloader/response_bytes': 6089,
 'downloader/response_count': 1,
 'downloader/response_status_count/404': 1,
 'elapsed_time_seconds': 0.119253,
 'finish_reason': 'finished',
 'finish_time': datetime.datetime(2023, 3, 30, 18, 30, 6, 98648),
 'httpcache/hit': 1,
 'httpcompression/response_bytes': 28972,
 'httpcompression/response_count': 1,
 'httperror/response_ignored_count': 1,
 'httperror/response_ignored_status_count/404': 1,
 'log_count/DEBUG': 5,
 'log_count/INFO': 9,
 'response_received_count': 1,
 'scheduler/dequeued': 1,
 'scheduler/dequeued/memory': 1,
 'scheduler/enqueued': 1,
 'scheduler/enqueued/memory': 1,
 'start_time': datetime.datetime(2023, 3, 30, 18, 30, 5, 979395)}
2023-03-30 21:30:06 [scrapy.core.engine] INFO: Spider closed (finished)
2023-04-06 15:39:42 [asyncio] DEBUG: Using selector: SelectSelector
2023-04-06 15:39:42 [scrapy.utils.log] DEBUG: Using reactor: twisted.internet.asyncioreactor.AsyncioSelectorReactor
2023-04-06 15:39:42 [scrapy.utils.log] DEBUG: Using asyncio event loop: asyncio.windows_events._WindowsSelectorEventLoop
2023-04-06 15:39:42 [scrapy.middleware] INFO: Enabled extensions:
['scrapy.extensions.corestats.CoreStats', 'scrapy.extensions.logstats.LogStats']
2023-04-06 15:39:42 [scrapy.middleware] INFO: Enabled downloader middlewares:
['scrapy.downloadermiddlewares.httpauth.HttpAuthMiddleware',
 'scrapy.downloadermiddlewares.downloadtimeout.DownloadTimeoutMiddleware',
 'scrapy.downloadermiddlewares.defaultheaders.DefaultHeadersMiddleware',
 'scrapy.downloadermiddlewares.useragent.UserAgentMiddleware',
 'scrapy.downloadermiddlewares.retry.RetryMiddleware',
 'scrapy.downloadermiddlewares.redirect.MetaRefreshMiddleware',
 'scrapy.downloadermiddlewares.httpcompression.HttpCompressionMiddleware',
 'scrapy.downloadermiddlewares.redirect.RedirectMiddleware',
 'scrapy.downloadermiddlewares.cookies.CookiesMiddleware',
 'scrapy.downloadermiddlewares.httpproxy.HttpProxyMiddleware',
 'scrapy.downloadermiddlewares.stats.DownloaderStats',
 'scrapy.downloadermiddlewares.httpcache.HttpCacheMiddleware']
2023-04-06 15:39:42 [scrapy.middleware] INFO: Enabled spider middlewares:
['scrapy.spidermiddlewares.httperror.HttpErrorMiddleware',
 'scrapy.spidermiddlewares.offsite.OffsiteMiddleware',
 'scrapy.spidermiddlewares.referer.RefererMiddleware',
 'scrapy.spidermiddlewares.urllength.UrlLengthMiddleware',
 'scrapy.spidermiddlewares.depth.DepthMiddleware']
2023-04-06 15:39:42 [scrapy.middleware] INFO: Enabled item pipelines:
['scrapy.pipelines.files.FilesPipeline']
2023-04-06 15:39:42 [scrapy.core.engine] INFO: Spider opened
2023-04-06 15:39:43 [scrapy.extensions.logstats] INFO: Crawled 0 pages (at 0 pages/min), scraped 0 items (at 0 items/min)
2023-04-06 15:39:43 [scrapy.extensions.httpcache] DEBUG: Using filesystem cache storage in C:\coursework\pars\.scrapy\httpcache
2023-04-06 15:39:43 [scrapy.core.engine] DEBUG: Crawled (404) <GET https://pubs.rsc.org/en/content/articlelanding> (referer: None) ['cached']
2023-04-06 15:39:43 [scrapy.spidermiddlewares.httperror] INFO: Ignoring response <404 https://pubs.rsc.org/en/content/articlelanding>: HTTP status code is not handled or not allowed
2023-04-06 15:39:43 [scrapy.core.engine] INFO: Closing spider (finished)
2023-04-06 15:39:43 [scrapy.statscollectors] INFO: Dumping Scrapy stats:
{'downloader/request_bytes': 304,
 'downloader/request_count': 1,
 'downloader/request_method_count/GET': 1,
 'downloader/response_bytes': 6089,
 'downloader/response_count': 1,
 'downloader/response_status_count/404': 1,
 'elapsed_time_seconds': 0.134279,
 'finish_reason': 'finished',
 'finish_time': datetime.datetime(2023, 4, 6, 12, 39, 43, 293122),
 'httpcache/hit': 1,
 'httpcompression/response_bytes': 28972,
 'httpcompression/response_count': 1,
 'httperror/response_ignored_count': 1,
 'httperror/response_ignored_status_count/404': 1,
 'log_count/DEBUG': 5,
 'log_count/INFO': 9,
 'response_received_count': 1,
 'scheduler/dequeued': 1,
 'scheduler/dequeued/memory': 1,
 'scheduler/enqueued': 1,
 'scheduler/enqueued/memory': 1,
 'start_time': datetime.datetime(2023, 4, 6, 12, 39, 43, 158843)}
2023-04-06 15:39:43 [scrapy.core.engine] INFO: Spider closed (finished)
2023-04-06 15:42:12 [asyncio] DEBUG: Using selector: SelectSelector
2023-04-06 15:42:12 [scrapy.utils.log] DEBUG: Using reactor: twisted.internet.asyncioreactor.AsyncioSelectorReactor
2023-04-06 15:42:12 [scrapy.utils.log] DEBUG: Using asyncio event loop: asyncio.windows_events._WindowsSelectorEventLoop
2023-04-06 15:42:12 [scrapy.middleware] INFO: Enabled extensions:
['scrapy.extensions.corestats.CoreStats', 'scrapy.extensions.logstats.LogStats']
2023-04-06 15:42:12 [scrapy.middleware] INFO: Enabled downloader middlewares:
['scrapy.downloadermiddlewares.httpauth.HttpAuthMiddleware',
 'scrapy.downloadermiddlewares.downloadtimeout.DownloadTimeoutMiddleware',
 'scrapy.downloadermiddlewares.defaultheaders.DefaultHeadersMiddleware',
 'scrapy.downloadermiddlewares.useragent.UserAgentMiddleware',
 'scrapy.downloadermiddlewares.retry.RetryMiddleware',
 'scrapy.downloadermiddlewares.redirect.MetaRefreshMiddleware',
 'scrapy.downloadermiddlewares.httpcompression.HttpCompressionMiddleware',
 'scrapy.downloadermiddlewares.redirect.RedirectMiddleware',
 'scrapy.downloadermiddlewares.cookies.CookiesMiddleware',
 'scrapy.downloadermiddlewares.httpproxy.HttpProxyMiddleware',
 'scrapy.downloadermiddlewares.stats.DownloaderStats',
 'scrapy.downloadermiddlewares.httpcache.HttpCacheMiddleware']
2023-04-06 15:42:12 [scrapy.middleware] INFO: Enabled spider middlewares:
['scrapy.spidermiddlewares.httperror.HttpErrorMiddleware',
 'scrapy.spidermiddlewares.offsite.OffsiteMiddleware',
 'scrapy.spidermiddlewares.referer.RefererMiddleware',
 'scrapy.spidermiddlewares.urllength.UrlLengthMiddleware',
 'scrapy.spidermiddlewares.depth.DepthMiddleware']
2023-04-06 15:42:12 [scrapy.middleware] INFO: Enabled item pipelines:
['scrapy.pipelines.files.FilesPipeline']
2023-04-06 15:42:12 [scrapy.core.engine] INFO: Spider opened
2023-04-06 15:42:13 [scrapy.extensions.logstats] INFO: Crawled 0 pages (at 0 pages/min), scraped 0 items (at 0 items/min)
2023-04-06 15:42:13 [scrapy.extensions.httpcache] DEBUG: Using filesystem cache storage in C:\coursework\pars\.scrapy\httpcache
2023-04-06 15:42:13 [scrapy.core.engine] DEBUG: Crawled (404) <GET https://pubs.rsc.org/en/content/articlelanding> (referer: None) ['cached']
2023-04-06 15:42:13 [scrapy.spidermiddlewares.httperror] INFO: Ignoring response <404 https://pubs.rsc.org/en/content/articlelanding>: HTTP status code is not handled or not allowed
2023-04-06 15:42:13 [scrapy.core.engine] INFO: Closing spider (finished)
2023-04-06 15:42:13 [scrapy.statscollectors] INFO: Dumping Scrapy stats:
{'downloader/request_bytes': 304,
 'downloader/request_count': 1,
 'downloader/request_method_count/GET': 1,
 'downloader/response_bytes': 6089,
 'downloader/response_count': 1,
 'downloader/response_status_count/404': 1,
 'elapsed_time_seconds': 0.113506,
 'finish_reason': 'finished',
 'finish_time': datetime.datetime(2023, 4, 6, 12, 42, 13, 229440),
 'httpcache/hit': 1,
 'httpcompression/response_bytes': 28972,
 'httpcompression/response_count': 1,
 'httperror/response_ignored_count': 1,
 'httperror/response_ignored_status_count/404': 1,
 'log_count/DEBUG': 5,
 'log_count/INFO': 9,
 'response_received_count': 1,
 'scheduler/dequeued': 1,
 'scheduler/dequeued/memory': 1,
 'scheduler/enqueued': 1,
 'scheduler/enqueued/memory': 1,
 'start_time': datetime.datetime(2023, 4, 6, 12, 42, 13, 115934)}
2023-04-06 15:42:13 [scrapy.core.engine] INFO: Spider closed (finished)
2023-04-06 16:00:01 [asyncio] DEBUG: Using selector: SelectSelector
2023-04-06 16:00:01 [scrapy.utils.log] DEBUG: Using reactor: twisted.internet.asyncioreactor.AsyncioSelectorReactor
2023-04-06 16:00:01 [scrapy.utils.log] DEBUG: Using asyncio event loop: asyncio.windows_events._WindowsSelectorEventLoop
2023-04-06 16:00:01 [scrapy.middleware] INFO: Enabled extensions:
['scrapy.extensions.corestats.CoreStats', 'scrapy.extensions.logstats.LogStats']
2023-04-06 16:00:02 [scrapy.middleware] INFO: Enabled downloader middlewares:
['scrapy.downloadermiddlewares.httpauth.HttpAuthMiddleware',
 'scrapy.downloadermiddlewares.downloadtimeout.DownloadTimeoutMiddleware',
 'scrapy.downloadermiddlewares.defaultheaders.DefaultHeadersMiddleware',
 'scrapy.downloadermiddlewares.useragent.UserAgentMiddleware',
 'scrapy.downloadermiddlewares.retry.RetryMiddleware',
 'scrapy.downloadermiddlewares.redirect.MetaRefreshMiddleware',
 'scrapy.downloadermiddlewares.httpcompression.HttpCompressionMiddleware',
 'scrapy.downloadermiddlewares.redirect.RedirectMiddleware',
 'scrapy.downloadermiddlewares.cookies.CookiesMiddleware',
 'scrapy.downloadermiddlewares.httpproxy.HttpProxyMiddleware',
 'scrapy.downloadermiddlewares.stats.DownloaderStats',
 'scrapy.downloadermiddlewares.httpcache.HttpCacheMiddleware']
2023-04-06 16:00:02 [scrapy.middleware] INFO: Enabled spider middlewares:
['scrapy.spidermiddlewares.httperror.HttpErrorMiddleware',
 'scrapy.spidermiddlewares.offsite.OffsiteMiddleware',
 'scrapy.spidermiddlewares.referer.RefererMiddleware',
 'scrapy.spidermiddlewares.urllength.UrlLengthMiddleware',
 'scrapy.spidermiddlewares.depth.DepthMiddleware']
2023-04-06 16:00:02 [scrapy.middleware] INFO: Enabled item pipelines:
['scrapy.pipelines.files.FilesPipeline']
2023-04-06 16:00:02 [scrapy.core.engine] INFO: Spider opened
2023-04-06 16:00:02 [scrapy.extensions.logstats] INFO: Crawled 0 pages (at 0 pages/min), scraped 0 items (at 0 items/min)
2023-04-06 16:00:02 [scrapy.extensions.httpcache] DEBUG: Using filesystem cache storage in C:\coursework\pars\.scrapy\httpcache
2023-04-06 16:00:02 [scrapy.core.engine] DEBUG: Crawled (200) <GET https://pubs.rsc.org/en/journals> (referer: None) ['cached']
2023-04-06 16:00:02 [scrapy.core.engine] INFO: Closing spider (finished)
2023-04-06 16:00:02 [scrapy.statscollectors] INFO: Dumping Scrapy stats:
{'downloader/request_bytes': 290,
 'downloader/request_count': 1,
 'downloader/request_method_count/GET': 1,
 'downloader/response_bytes': 31522,
 'downloader/response_count': 1,
 'downloader/response_status_count/200': 1,
 'elapsed_time_seconds': 0.165349,
 'finish_reason': 'finished',
 'finish_time': datetime.datetime(2023, 4, 6, 13, 0, 2, 359323),
 'httpcache/hit': 1,
 'httpcompression/response_bytes': 131096,
 'httpcompression/response_count': 1,
 'log_count/DEBUG': 5,
 'log_count/INFO': 8,
 'response_received_count': 1,
 'scheduler/dequeued': 1,
 'scheduler/dequeued/memory': 1,
 'scheduler/enqueued': 1,
 'scheduler/enqueued/memory': 1,
 'start_time': datetime.datetime(2023, 4, 6, 13, 0, 2, 193974)}
2023-04-06 16:00:02 [scrapy.core.engine] INFO: Spider closed (finished)
2023-04-06 16:04:19 [asyncio] DEBUG: Using selector: SelectSelector
2023-04-06 16:04:19 [scrapy.utils.log] DEBUG: Using reactor: twisted.internet.asyncioreactor.AsyncioSelectorReactor
2023-04-06 16:04:19 [scrapy.utils.log] DEBUG: Using asyncio event loop: asyncio.windows_events._WindowsSelectorEventLoop
2023-04-06 16:04:19 [scrapy.middleware] INFO: Enabled extensions:
['scrapy.extensions.corestats.CoreStats', 'scrapy.extensions.logstats.LogStats']
2023-04-06 16:04:20 [scrapy.middleware] INFO: Enabled downloader middlewares:
['scrapy.downloadermiddlewares.httpauth.HttpAuthMiddleware',
 'scrapy.downloadermiddlewares.downloadtimeout.DownloadTimeoutMiddleware',
 'scrapy.downloadermiddlewares.defaultheaders.DefaultHeadersMiddleware',
 'scrapy.downloadermiddlewares.useragent.UserAgentMiddleware',
 'scrapy.downloadermiddlewares.retry.RetryMiddleware',
 'scrapy.downloadermiddlewares.redirect.MetaRefreshMiddleware',
 'scrapy.downloadermiddlewares.httpcompression.HttpCompressionMiddleware',
 'scrapy.downloadermiddlewares.redirect.RedirectMiddleware',
 'scrapy.downloadermiddlewares.cookies.CookiesMiddleware',
 'scrapy.downloadermiddlewares.httpproxy.HttpProxyMiddleware',
 'scrapy.downloadermiddlewares.stats.DownloaderStats',
 'scrapy.downloadermiddlewares.httpcache.HttpCacheMiddleware']
2023-04-06 16:04:20 [scrapy.middleware] INFO: Enabled spider middlewares:
['scrapy.spidermiddlewares.httperror.HttpErrorMiddleware',
 'scrapy.spidermiddlewares.offsite.OffsiteMiddleware',
 'scrapy.spidermiddlewares.referer.RefererMiddleware',
 'scrapy.spidermiddlewares.urllength.UrlLengthMiddleware',
 'scrapy.spidermiddlewares.depth.DepthMiddleware']
2023-04-06 16:04:20 [scrapy.middleware] INFO: Enabled item pipelines:
['scrapy.pipelines.files.FilesPipeline']
2023-04-06 16:04:20 [scrapy.core.engine] INFO: Spider opened
2023-04-06 16:04:20 [scrapy.extensions.logstats] INFO: Crawled 0 pages (at 0 pages/min), scraped 0 items (at 0 items/min)
2023-04-06 16:04:20 [scrapy.extensions.httpcache] DEBUG: Using filesystem cache storage in C:\coursework\pars\.scrapy\httpcache
2023-04-06 16:04:20 [scrapy.core.engine] DEBUG: Crawled (200) <GET https://pubs.rsc.org/en/journals> (referer: None) ['cached']
2023-04-06 16:04:20 [scrapy.core.engine] INFO: Closing spider (finished)
2023-04-06 16:04:20 [scrapy.statscollectors] INFO: Dumping Scrapy stats:
{'downloader/request_bytes': 290,
 'downloader/request_count': 1,
 'downloader/request_method_count/GET': 1,
 'downloader/response_bytes': 31522,
 'downloader/response_count': 1,
 'downloader/response_status_count/200': 1,
 'elapsed_time_seconds': 0.149741,
 'finish_reason': 'finished',
 'finish_time': datetime.datetime(2023, 4, 6, 13, 4, 20, 397423),
 'httpcache/hit': 1,
 'httpcompression/response_bytes': 131096,
 'httpcompression/response_count': 1,
 'log_count/DEBUG': 5,
 'log_count/INFO': 8,
 'response_received_count': 1,
 'scheduler/dequeued': 1,
 'scheduler/dequeued/memory': 1,
 'scheduler/enqueued': 1,
 'scheduler/enqueued/memory': 1,
 'start_time': datetime.datetime(2023, 4, 6, 13, 4, 20, 247682)}
2023-04-06 16:04:20 [scrapy.core.engine] INFO: Spider closed (finished)
2023-04-06 16:10:27 [asyncio] DEBUG: Using selector: SelectSelector
2023-04-06 16:10:27 [scrapy.utils.log] DEBUG: Using reactor: twisted.internet.asyncioreactor.AsyncioSelectorReactor
2023-04-06 16:10:27 [scrapy.utils.log] DEBUG: Using asyncio event loop: asyncio.windows_events._WindowsSelectorEventLoop
2023-04-06 16:10:27 [scrapy.middleware] INFO: Enabled extensions:
['scrapy.extensions.corestats.CoreStats', 'scrapy.extensions.logstats.LogStats']
2023-04-06 16:10:27 [scrapy.middleware] INFO: Enabled downloader middlewares:
['scrapy.downloadermiddlewares.httpauth.HttpAuthMiddleware',
 'scrapy.downloadermiddlewares.downloadtimeout.DownloadTimeoutMiddleware',
 'scrapy.downloadermiddlewares.defaultheaders.DefaultHeadersMiddleware',
 'scrapy.downloadermiddlewares.useragent.UserAgentMiddleware',
 'scrapy.downloadermiddlewares.retry.RetryMiddleware',
 'scrapy.downloadermiddlewares.redirect.MetaRefreshMiddleware',
 'scrapy.downloadermiddlewares.httpcompression.HttpCompressionMiddleware',
 'scrapy.downloadermiddlewares.redirect.RedirectMiddleware',
 'scrapy.downloadermiddlewares.cookies.CookiesMiddleware',
 'scrapy.downloadermiddlewares.httpproxy.HttpProxyMiddleware',
 'scrapy.downloadermiddlewares.stats.DownloaderStats',
 'scrapy.downloadermiddlewares.httpcache.HttpCacheMiddleware']
2023-04-06 16:10:27 [scrapy.middleware] INFO: Enabled spider middlewares:
['scrapy.spidermiddlewares.httperror.HttpErrorMiddleware',
 'scrapy.spidermiddlewares.offsite.OffsiteMiddleware',
 'scrapy.spidermiddlewares.referer.RefererMiddleware',
 'scrapy.spidermiddlewares.urllength.UrlLengthMiddleware',
 'scrapy.spidermiddlewares.depth.DepthMiddleware']
2023-04-06 16:10:27 [scrapy.middleware] INFO: Enabled item pipelines:
['scrapy.pipelines.files.FilesPipeline']
2023-04-06 16:10:27 [scrapy.core.engine] INFO: Spider opened
2023-04-06 16:10:27 [scrapy.extensions.logstats] INFO: Crawled 0 pages (at 0 pages/min), scraped 0 items (at 0 items/min)
2023-04-06 16:10:27 [scrapy.extensions.httpcache] DEBUG: Using filesystem cache storage in C:\coursework\pars\.scrapy\httpcache
2023-04-06 16:10:27 [scrapy.core.engine] DEBUG: Crawled (200) <GET https://pubs.rsc.org/en/journals> (referer: None) ['cached']
2023-04-06 16:10:28 [scrapy.core.engine] INFO: Closing spider (finished)
2023-04-06 16:10:28 [scrapy.statscollectors] INFO: Dumping Scrapy stats:
{'downloader/request_bytes': 290,
 'downloader/request_count': 1,
 'downloader/request_method_count/GET': 1,
 'downloader/response_bytes': 31522,
 'downloader/response_count': 1,
 'downloader/response_status_count/200': 1,
 'elapsed_time_seconds': 0.159768,
 'finish_reason': 'finished',
 'finish_time': datetime.datetime(2023, 4, 6, 13, 10, 28, 11925),
 'httpcache/hit': 1,
 'httpcompression/response_bytes': 131096,
 'httpcompression/response_count': 1,
 'log_count/DEBUG': 5,
 'log_count/INFO': 8,
 'response_received_count': 1,
 'scheduler/dequeued': 1,
 'scheduler/dequeued/memory': 1,
 'scheduler/enqueued': 1,
 'scheduler/enqueued/memory': 1,
 'start_time': datetime.datetime(2023, 4, 6, 13, 10, 27, 852157)}
2023-04-06 16:10:28 [scrapy.core.engine] INFO: Spider closed (finished)
